<?xml version="1.0" encoding="UTF-8"?>
<!-- Generated by org.testng.reporters.JUnitXMLReporter -->
<testsuite ignored="0" hostname="Rahul" failures="1" tests="1" name="Default test(failed)" time="19.231" errors="0" timestamp="2024-09-15T17:28:02 IST">
  <testcase classname="io.cucumber.testng.AbstractTestNGCucumberTests" name="runScenario" time="17.96">
    <failure type="java.lang.AssertionError" message="expected [OrangeHRM] but found [OrangeHRM23wdf]">
      <![CDATA[java.lang.AssertionError: expected [OrangeHRM] but found [OrangeHRM23wdf]
at StepDefination.LoginHRMOrange.verify_the_page_title(LoginHRMOrange.java:85)
at âœ½.Verify the PageTitle(file:///C:/Users/rahul/git/repository/RestAssuredTesting/./Features/LoginOrangeHRM.feature:10)
... Removed 6 stack frames]]>
    </failure>
  </testcase> <!-- runScenario -->
</testsuite> <!-- Default test(failed) -->
